[GIN-debug] [WARNING] Running in "debug" mode. Switch to "release" mode in production.
 - using env:	export GIN_MODE=release
 - using code:	gin.SetMode(gin.ReleaseMode)

[GIN-debug] POST   /entry/create             --> github.com/ZhijiunY/calorie-tracker/routes.AddEntry (3 handlers)
[GIN-debug] GET    /entry/:id/               --> github.com/ZhijiunY/calorie-tracker/routes.GetEntryById (3 handlers)
[GIN-debug] GET    /entries                  --> github.com/ZhijiunY/calorie-tracker/routes.GetEntries (3 handlers)
[GIN-debug] GET    /ingredient/:ingredient   --> github.com/ZhijiunY/calorie-tracker/routes.GetEntriesByIngredient (3 handlers)
[GIN-debug] PUT    /entry/update/:id         --> github.com/ZhijiunY/calorie-tracker/routes.UpdateEntry (3 handlers)
[GIN-debug] PUT    /ingredient/update/:id    --> github.com/ZhijiunY/calorie-tracker/routes.UpdateIngredient (3 handlers)
[GIN-debug] DELETE /entry/delete/:id         --> github.com/ZhijiunY/calorie-tracker/routes.DeleteEntry (3 handlers)
[GIN-debug] [WARNING] You trusted all proxies, this is NOT safe. We recommend you to set a value.
Please check https://pkg.go.dev/github.com/gin-gonic/gin#readme-don-t-trust-all-proxies for details.
[GIN-debug] Listening and serving HTTP on :8080
[GIN] 2023/05/07 - 20:48:54 | 200 |   20.085961ms |             ::1 | GET      "/entries"
[GIN] 2023/05/07 - 20:49:03 | 204 |       6.822µs |             ::1 | OPTIONS  "/entry/delete/64571095d385056d7c962dcd"
[GIN] 2023/05/07 - 20:49:03 | 200 |     986.637µs |             ::1 | DELETE   "/entry/delete/64571095d385056d7c962dcd"
[GIN] 2023/05/07 - 20:49:03 | 200 |    1.023073ms |             ::1 | GET      "/entries"
[GIN] 2023/05/07 - 20:49:16 | 204 |       10.32µs |             ::1 | OPTIONS  "/entry/create"
[GIN] 2023/05/07 - 20:49:16 | 200 |    2.523991ms |             ::1 | POST     "/entry/create"
[GIN] 2023/05/07 - 20:49:16 | 200 |     981.346µs |             ::1 | GET      "/entries"
